<?xml version="1.0" encoding="UTF-8"?>
<!-- Generated by org.testng.reporters.JUnitReportReporter -->
<testsuite hostname="MYUSER-PC" name="com.rameshsoft.test.AprilGitProject.TestDemoOne" tests="1" failures="0" timestamp="17 Apr 2022 05:31:47 GMT" time="0.021" errors="0">
  <testcase name="TestOne" time="0.021" classname="com.rameshsoft.test.AprilGitProject.TestDemoOne"/>
</testsuite> <!-- com.rameshsoft.test.AprilGitProject.TestDemoOne -->
